New https://pypi.org/project/ultralytics/8.3.128 available üòÉ Update with 'pip install -U ultralytics'
Ultralytics 8.3.62 üöÄ Python-3.8.10 torch-2.4.1+cu118 CUDA:0 (NVIDIA GeForce RTX 3090, 24126MiB)
[34m[1mengine/trainer: [39m[22mtask=classify, mode=train, model=yolo11n-cls.pt, data=/home/endodl/PHASE-1/mln/lesions_cv24/MAIN/data1/YOLO_v11n-cls/data, epochs=50, time=None, patience=100, batch=16, imgsz=224, save=True, save_period=-1, cache=False, device=None, workers=8, project=None, name=train3, exist_ok=False, pretrained=True, optimizer=auto, verbose=True, seed=0, deterministic=True, single_cls=False, rect=False, cos_lr=False, close_mosaic=10, resume=False, amp=True, fraction=1.0, profile=False, freeze=None, multi_scale=False, overlap_mask=True, mask_ratio=4, dropout=0.0, val=True, split=val, save_json=False, save_hybrid=False, conf=None, iou=0.7, max_det=300, half=False, dnn=False, plots=True, source=None, vid_stride=1, stream_buffer=False, visualize=False, augment=False, agnostic_nms=False, classes=None, retina_masks=False, embed=None, show=False, save_frames=False, save_txt=False, save_conf=False, save_crop=False, show_labels=True, show_conf=True, show_boxes=True, line_width=None, format=torchscript, keras=False, optimize=False, int8=False, dynamic=False, simplify=True, opset=None, workspace=None, nms=False, lr0=0.01, lrf=0.01, momentum=0.937, weight_decay=0.0005, warmup_epochs=3.0, warmup_momentum=0.8, warmup_bias_lr=0.1, box=7.5, cls=0.5, dfl=1.5, pose=12.0, kobj=1.0, nbs=64, hsv_h=0.015, hsv_s=0.7, hsv_v=0.4, degrees=0.0, translate=0.1, scale=0.5, shear=0.0, perspective=0.0, flipud=0.0, fliplr=0.5, bgr=0.0, mosaic=1.0, mixup=0.0, copy_paste=0.0, copy_paste_mode=flip, auto_augment=randaugment, erasing=0.4, crop_fraction=1.0, cfg=None, tracker=botsort.yaml, save_dir=runs/classify/train3
Traceback (most recent call last):
  File "/home/endodl/.local/lib/python3.8/site-packages/ultralytics/engine/trainer.py", line 555, in get_dataset
    data = check_cls_dataset(self.args.data)
  File "/home/endodl/.local/lib/python3.8/site-packages/ultralytics/data/utils.py", line 447, in check_cls_dataset
    names = [x.name for x in (data_dir / "train").iterdir() if x.is_dir()]  # class names list
  File "/home/endodl/.local/lib/python3.8/site-packages/ultralytics/data/utils.py", line 447, in <listcomp>
    names = [x.name for x in (data_dir / "train").iterdir() if x.is_dir()]  # class names list
  File "/usr/lib/python3.8/pathlib.py", line 1122, in iterdir
    for name in self._accessor.listdir(self):
FileNotFoundError: [Errno 2] No such file or directory: '/home/endodl/PHASE-1/mln/lesions_cv24/MAIN/data1/YOLO_v11n-cls/data/train'
The above exception was the direct cause of the following exception:
Traceback (most recent call last):
  File "/home/endodl/PHASE-1/mln/lesions_cv24/MAIN/data1/YOLO_v11n-cls/train.py", line 19, in <module>
    results = model.train(data="/home/endodl/PHASE-1/mln/lesions_cv24/MAIN/data1/YOLO_v11n-cls/data", epochs=50, imgsz=224)
  File "/home/endodl/.local/lib/python3.8/site-packages/ultralytics/engine/model.py", line 800, in train
    self.trainer = (trainer or self._smart_load("trainer"))(overrides=args, _callbacks=self.callbacks)
  File "/home/endodl/.local/lib/python3.8/site-packages/ultralytics/models/yolo/classify/train.py", line 40, in __init__
    super().__init__(cfg, overrides, _callbacks)
  File "/home/endodl/.local/lib/python3.8/site-packages/ultralytics/engine/trainer.py", line 133, in __init__
    self.trainset, self.testset = self.get_dataset()
  File "/home/endodl/.local/lib/python3.8/site-packages/ultralytics/engine/trainer.py", line 566, in get_dataset
    raise RuntimeError(emojis(f"Dataset '{clean_url(self.args.data)}' error ‚ùå {e}")) from e
RuntimeError: Dataset '/home/endodl/PHASE-1/mln/lesions_cv24/MAIN/data1/YOLO_v11n-cls/data' error ‚ùå [Errno 2] No such file or directory: '/home/endodl/PHASE-1/mln/lesions_cv24/MAIN/data1/YOLO_v11n-cls/data/train'
Traceback (most recent call last):
  File "/home/endodl/.local/lib/python3.8/site-packages/ultralytics/engine/trainer.py", line 555, in get_dataset
    data = check_cls_dataset(self.args.data)
  File "/home/endodl/.local/lib/python3.8/site-packages/ultralytics/data/utils.py", line 447, in check_cls_dataset
    names = [x.name for x in (data_dir / "train").iterdir() if x.is_dir()]  # class names list
  File "/home/endodl/.local/lib/python3.8/site-packages/ultralytics/data/utils.py", line 447, in <listcomp>
    names = [x.name for x in (data_dir / "train").iterdir() if x.is_dir()]  # class names list
  File "/usr/lib/python3.8/pathlib.py", line 1122, in iterdir
    for name in self._accessor.listdir(self):
FileNotFoundError: [Errno 2] No such file or directory: '/home/endodl/PHASE-1/mln/lesions_cv24/MAIN/data1/YOLO_v11n-cls/data/train'
The above exception was the direct cause of the following exception:
Traceback (most recent call last):
  File "/home/endodl/PHASE-1/mln/lesions_cv24/MAIN/data1/YOLO_v11n-cls/train.py", line 19, in <module>
    results = model.train(data="/home/endodl/PHASE-1/mln/lesions_cv24/MAIN/data1/YOLO_v11n-cls/data", epochs=50, imgsz=224)
  File "/home/endodl/.local/lib/python3.8/site-packages/ultralytics/engine/model.py", line 800, in train
    self.trainer = (trainer or self._smart_load("trainer"))(overrides=args, _callbacks=self.callbacks)
  File "/home/endodl/.local/lib/python3.8/site-packages/ultralytics/models/yolo/classify/train.py", line 40, in __init__
    super().__init__(cfg, overrides, _callbacks)
  File "/home/endodl/.local/lib/python3.8/site-packages/ultralytics/engine/trainer.py", line 133, in __init__
    self.trainset, self.testset = self.get_dataset()
  File "/home/endodl/.local/lib/python3.8/site-packages/ultralytics/engine/trainer.py", line 566, in get_dataset
    raise RuntimeError(emojis(f"Dataset '{clean_url(self.args.data)}' error ‚ùå {e}")) from e
RuntimeError: Dataset '/home/endodl/PHASE-1/mln/lesions_cv24/MAIN/data1/YOLO_v11n-cls/data' error ‚ùå [Errno 2] No such file or directory: '/home/endodl/PHASE-1/mln/lesions_cv24/MAIN/data1/YOLO_v11n-cls/data/train'